<?xml version="1.0" encoding="UTF-8"?>
<testng-results ignored="0" total="1" passed="1" failed="0" skipped="0">
  <reporter-output>
  </reporter-output>
  <suite started-at="2023-02-26T07:16:48 GMT+02:00" name="Default suite" finished-at="2023-02-26T07:17:08 GMT+02:00" duration-ms="19699">
    <groups>
    </groups>
    <test started-at="2023-02-26T07:16:48 GMT+02:00" name="Default test" finished-at="2023-02-26T07:17:08 GMT+02:00" duration-ms="19699">
      <class name="MyTests">
        <test-method is-config="true" signature="myFirst()[pri:0, instance:MyTests@7c729a55]" started-at="2023-02-26T07:16:48 GMT+02:00" name="myFirst" finished-at="2023-02-26T07:17:00 GMT+02:00" duration-ms="11657" status="PASS">
          <reporter-output>
          </reporter-output>
        </test-method> <!-- myFirst -->
        <test-method signature="testOne()[pri:0, instance:MyTests@7c729a55]" started-at="2023-02-26T07:17:00 GMT+02:00" name="testOne" finished-at="2023-02-26T07:17:08 GMT+02:00" duration-ms="8018" status="PASS">
          <reporter-output>
          </reporter-output>
        </test-method> <!-- testOne -->
      </class> <!-- MyTests -->
    </test> <!-- Default test -->
  </suite> <!-- Default suite -->
</testng-results>
